0 silly argv { _: [ 'version' ],
0 silly argv   lernaVersion: '4.0.0',
0 silly argv   '$0': '/Users/dujinyin/.nvm/versions/node/v8.10.0/bin/lerna' }
1 notice cli v4.0.0
2 verbose rootPath /Users/dujinyin/Desktop/web前端架构师/rigger-cli
3 info current version 1.0.0
4 silly isAnythingCommitted
5 verbose isAnythingCommitted 1
6 silly getCurrentBranch
7 verbose currentBranch master
8 silly remoteBranchExists
9 silly isBehindUpstream
10 error Error: Command failed with exit code 1: git remote update
10 error fatal: unable to access 'https://github.com/jinyindu/rigger-cli.git/': Failed to connect to github.com port 443: Operation timed out
10 error error: Could not fetch origin
10 error Fetching origin
10 error     at makeError (/Users/dujinyin/Desktop/web前端架构师/rigger-cli/node_modules/execa/lib/error.js:59:11)
10 error     at Function.module.exports.sync (/Users/dujinyin/Desktop/web前端架构师/rigger-cli/node_modules/execa/index.js:186:17)
10 error     at Object.execSync (/Users/dujinyin/Desktop/web前端架构师/rigger-cli/node_modules/@lerna/child-process/index.js:39:16)
10 error     at updateRemote (/Users/dujinyin/Desktop/web前端架构师/rigger-cli/node_modules/@lerna/version/lib/is-behind-upstream.js:34:16)
10 error     at isBehindUpstream (/Users/dujinyin/Desktop/web前端架构师/rigger-cli/node_modules/@lerna/version/lib/is-behind-upstream.js:16:3)
10 error     at VersionCommand.initialize (/Users/dujinyin/Desktop/web前端架构师/rigger-cli/node_modules/@lerna/version/index.js:153:9)
